<?xml version="1.0" encoding="UTF-8"?>
<!-- Generated by org.testng.reporters.JUnitReportReporter -->
<testsuite skipped="0" hostname="DESKTOP-2V3M5F3" name="seleniumProjectSession10.Act9" tests="2" failures="0" timestamp="2020-09-15T19:55:28 IST" time="15.812" errors="0">
  <testcase name="Login" time="8.883" classname="seleniumProjectSession10.Act9"/>
  <testcase name="addMyInfo" time="6.929" classname="seleniumProjectSession10.Act9"/>
</testsuite> <!-- seleniumProjectSession10.Act9 -->
