<?xml version="1.0" encoding="UTF-8"?>
<!-- Generated by org.testng.reporters.JUnitReportReporter -->
<testsuite skipped="0" hostname="DESKTOP-2V3M5F3" name="seleniumProjectSession10.Act6" tests="2" failures="0" timestamp="2020-09-15T13:36:09 IST" time="15.199" errors="0">
  <testcase name="Login" time="8.888" classname="seleniumProjectSession10.Act6"/>
  <testcase name="directoryMenu" time="6.311" classname="seleniumProjectSession10.Act6"/>
</testsuite> <!-- seleniumProjectSession10.Act6 -->
