<?xml version="1.0" encoding="UTF-8"?>
<!-- Generated by org.testng.reporters.JUnitReportReporter -->
<testsuite skipped="0" hostname="DESKTOP-2V3M5F3" name="seleniumProjectSession10.Act3" tests="1" failures="0" timestamp="2020-09-10T11:02:10 IST" time="17.211" errors="0">
  <testcase name="Login" time="17.211" classname="seleniumProjectSession10.Act3"/>
</testsuite> <!-- seleniumProjectSession10.Act3 -->
