<?xml version="1.0" encoding="UTF-8"?>
<!-- Generated by org.testng.reporters.JUnitReportReporter -->
<testsuite skipped="0" hostname="DESKTOP-2V3M5F3" name="suitExample.Activity1" tests="1" failures="0" timestamp="2020-09-08T10:15:55 IST" time="15.524" errors="0">
  <testcase name="exampleTestCase" time="15.524" classname="suitExample.Activity1"/>
</testsuite> <!-- suitExample.Activity1 -->
