<?xml version="1.0" encoding="UTF-8"?>
<!-- Generated by org.testng.reporters.JUnitReportReporter -->
<testsuite skipped="0" hostname="DESKTOP-2V3M5F3" name="seleniumProjectSession10.Act1" tests="1" failures="0" timestamp="2020-09-10T11:01:19 IST" time="9.482" errors="0">
  <testcase name="verifyTitle" time="9.482" classname="seleniumProjectSession10.Act1"/>
</testsuite> <!-- seleniumProjectSession10.Act1 -->
