<?xml version="1.0" encoding="UTF-8"?>
<!-- Generated by org.testng.reporters.JUnitReportReporter -->
<testsuite skipped="0" hostname="DESKTOP-2V3M5F3" name="seleniumProjectSession10.Act2" tests="1" failures="0" timestamp="2020-09-10T11:01:37 IST" time="9.439" errors="0">
  <testcase name="verifyHeaderImgURL" time="9.439" classname="seleniumProjectSession10.Act2"/>
</testsuite> <!-- seleniumProjectSession10.Act2 -->
