<?xml version="1.0" encoding="UTF-8"?>
<!-- Generated by org.testng.reporters.JUnitReportReporter -->
<testsuite skipped="0" hostname="DESKTOP-2V3M5F3" name="seleniumProjectSession10.Act7" tests="2" failures="0" timestamp="2020-09-15T17:42:49 IST" time="19.748" errors="0">
  <testcase name="Login" time="8.851" classname="seleniumProjectSession10.Act7"/>
  <testcase name="addMyInfo" time="10.897" classname="seleniumProjectSession10.Act7"/>
</testsuite> <!-- seleniumProjectSession10.Act7 -->
