<?xml version="1.0" encoding="UTF-8"?>
<!-- Generated by org.testng.reporters.JUnitReportReporter -->
<testsuite skipped="0" hostname="DESKTOP-2V3M5F3" name="seleniumProjectSession10.Act8" tests="2" failures="0" timestamp="2020-09-15T19:10:04 IST" time="19.672" errors="0">
  <testcase name="Login" time="8.425" classname="seleniumProjectSession10.Act8"/>
  <testcase name="applyLeave" time="11.247" classname="seleniumProjectSession10.Act8"/>
</testsuite> <!-- seleniumProjectSession10.Act8 -->
