<?xml version="1.0" encoding="UTF-8"?>
<!-- Generated by org.testng.reporters.JUnitReportReporter -->
<testsuite skipped="0" hostname="DESKTOP-2V3M5F3" name="seleniumProjectSession10.Act5" tests="2" failures="0" timestamp="2020-09-10T11:03:26 IST" time="21.395" errors="0">
  <testcase name="Login" time="8.693" classname="seleniumProjectSession10.Act5"/>
  <testcase name="myInfoEdit" time="12.702" classname="seleniumProjectSession10.Act5"/>
</testsuite> <!-- seleniumProjectSession10.Act5 -->
