<?xml version="1.0" encoding="UTF-8"?>
<!-- Generated by org.testng.reporters.JUnitReportReporter -->
<testsuite skipped="0" hostname="DESKTOP-2V3M5F3" name="seleniumProjectSession10.Act4" tests="2" failures="0" timestamp="2020-09-10T11:02:44 IST" time="17.469" errors="0">
  <testcase name="Login" time="9.096" classname="seleniumProjectSession10.Act4"/>
  <testcase name="addEmployee" time="8.373" classname="seleniumProjectSession10.Act4"/>
</testsuite> <!-- seleniumProjectSession10.Act4 -->
